<?xml version="1.0" encoding="UTF-8"?>
<testng-results ignored="0" total="2" passed="2" failed="0" skipped="0">
  <reporter-output>
  </reporter-output>
  <suite started-at="2021-05-12T10:21:09 IST" name="Default suite" finished-at="2021-05-12T10:25:38 IST" duration-ms="268924">
    <groups>
    </groups>
    <test started-at="2021-05-12T10:21:09 IST" name="Default test" finished-at="2021-05-12T10:25:38 IST" duration-ms="268924">
      <class name="TestPackageMainspring.TestClassMainspring">
        <test-method signature="automateDefectsMainspring(java.util.Map)[pri:0, instance:TestPackageMainspring.TestClassMainspring@102cec62]" started-at="2021-05-12T10:21:09 IST" name="automateDefectsMainspring" data-provider="dataInput" finished-at="2021-05-12T10:23:39 IST" duration-ms="150308" status="PASS">
          <params>
            <param index="0">
              <value>
                <![CDATA[{DefectSeverity=Major, DetectionActivity=Smoke Testing, ReportingSource=Cognizant, PhaseDetected=Validation, Test Case ID=Invalid Email, Iteration=1.0, DefectName=Login Defect, AppraisalType=Testing, DefectPriority=High, DueDate=21-May-2021, Browser=Chrome}]]>
              </value>
            </param>
          </params>
          <reporter-output>
          </reporter-output>
        </test-method> <!-- automateDefectsMainspring -->
        <test-method signature="automateDefectsMainspring(java.util.Map)[pri:0, instance:TestPackageMainspring.TestClassMainspring@102cec62]" started-at="2021-05-12T10:23:39 IST" name="automateDefectsMainspring" data-provider="dataInput" finished-at="2021-05-12T10:25:38 IST" duration-ms="118556" status="PASS">
          <params>
            <param index="0">
              <value>
                <![CDATA[{DefectSeverity=Major, DetectionActivity=Smoke Testing, ReportingSource=Cognizant, PhaseDetected=Validation, Test Case ID=Invalid Email, Iteration=2.0, DefectName=Login Defect, AppraisalType=Testing, DefectPriority=High, DueDate=22-May-2021, Browser=Chrome}]]>
              </value>
            </param>
          </params>
          <reporter-output>
          </reporter-output>
        </test-method> <!-- automateDefectsMainspring -->
      </class> <!-- TestPackageMainspring.TestClassMainspring -->
    </test> <!-- Default test -->
  </suite> <!-- Default suite -->
</testng-results>
