<?xml version="1.0" encoding="UTF-8"?>
<!-- Generated by org.testng.reporters.JUnitXMLReporter -->
<testsuite ignored="0" hostname="DESKTOP-JH87CSI" failures="0" tests="2" name="Default test" time="268.924" errors="0" timestamp="2021-05-12T10:25:38 IST">
  <testcase classname="TestPackageMainspring.TestClassMainspring" name="automateDefectsMainspring" time="150.308"/>
  <testcase classname="TestPackageMainspring.TestClassMainspring" name="automateDefectsMainspring" time="118.556"/>
</testsuite> <!-- Default test -->
